<?xml version="1.0" encoding="UTF-8"?>
<coverage generated="1461418926827" clover="3.2.0">
	<project timestamp="1461418926827"  name="All Files" >
		<metrics statements="24"  coveredstatements="24"  conditionals="22"  coveredconditionals="17"  methods="12"  coveredmethods="12"  elements="58"  coveredelements="53"  complexity="0"  packages="2"  files="3"  classes="3"  loc="73"  ncloc="73" />
		<package name="App" >
			<metrics statements="16"  coveredstatements="16"  conditionals="14"  coveredconditionals="12"  methods="8"  coveredmethods="8" />
			<file name="App.js"  path="/home/ricardo/Documents/Projects/reaxor/src/components/App/App.js" >
				<metrics statements="13"  coveredstatements="13"  conditionals="10"  coveredconditionals="8"  methods="6"  coveredmethods="6" />
				<line num="1"  count="1"  type="stmt" />
				<line num="3"  count="1"  type="stmt" />
				<line num="4"  count="1"  type="stmt" />
				<line num="5"  count="1"  type="stmt" />
				<line num="6"  count="1"  type="stmt" />
				<line num="7"  count="5"  type="cond"  truecount="4"  falsecount="0" />
				<line num="10"  count="1"  type="cond"  truecount="1"  falsecount="1" />
				<line num="11"  count="1"  type="stmt" />
				<line num="15"  count="1"  type="stmt" />
				<line num="19"  count="1"  type="stmt" />
				<line num="25"  count="1"  type="stmt" />
				<line num="26"  count="1"  type="stmt" />
				<line num="29"  count="2"  type="cond"  truecount="3"  falsecount="1" />
			</file>
			<file name="styles.css.js"  path="/home/ricardo/Documents/Projects/reaxor/src/components/App/styles.css.js" >
				<metrics statements="3"  coveredstatements="3"  conditionals="4"  coveredconditionals="4"  methods="2"  coveredmethods="2" />
				<line num="1"  count="1"  type="stmt" />
				<line num="3"  count="1"  type="stmt" />
				<line num="20"  count="1"  type="cond"  truecount="4"  falsecount="0" />
			</file>
		</package>
		<package name="MyComponent" >
			<metrics statements="8"  coveredstatements="8"  conditionals="8"  coveredconditionals="5"  methods="4"  coveredmethods="4" />
			<file name="MyComponent.js"  path="/home/ricardo/Documents/Projects/reaxor/src/components/MyComponent/MyComponent.js" >
				<metrics statements="8"  coveredstatements="8"  conditionals="8"  coveredconditionals="5"  methods="4"  coveredmethods="4" />
				<line num="1"  count="1"  type="stmt" />
				<line num="2"  count="1"  type="cond"  truecount="3"  falsecount="1" />
				<line num="4"  count="1"  type="stmt" />
				<line num="5"  count="1"  type="stmt" />
				<line num="6"  count="1"  type="stmt" />
				<line num="20"  count="1"  type="stmt" />
				<line num="21"  count="1"  type="stmt" />
				<line num="24"  count="2"  type="cond"  truecount="2"  falsecount="2" />
			</file>
		</package>
	</project>
</coverage>
