{
"/home/ricardo/Documents/Projects/reaxor/src/components/App/App.js":{"path":"/home/ricardo/Documents/Projects/reaxor/src/components/App/App.js","s":{"1":1,"2":1,"3":1,"4":1,"5":1,"6":1,"7":1,"8":1,"9":1,"10":1,"11":1,"12":1,"13":1,"14":1,"15":1,"16":1,"17":5,"18":1,"19":1,"20":1,"21":1,"22":1,"23":1,"24":1,"25":1,"26":1,"27":1,"28":1,"29":1,"30":1,"31":1,"32":2,"33":0,"34":2,"35":1,"36":1,"37":1,"38":1,"39":1},"b":{"1":[4,1],"2":[5,5],"3":[1,0],"4":[0,2],"5":[1,1]},"f":{"1":5,"2":1,"3":1,"4":1,"5":1,"6":2},"fnMap":{"1":{"name":"_interopRequireDefault","line":7,"loc":{"start":{"line":7,"column":167},"end":{"line":7,"column":204}}},"2":{"name":"(anonymous_2)","line":10,"loc":{"start":{"line":10,"column":40},"end":{"line":10,"column":68}}},"3":{"name":"App","line":10,"loc":{"start":{"line":10,"column":116},"end":{"line":10,"column":131}}},"4":{"name":"render","line":11,"loc":{"start":{"line":11,"column":11},"end":{"line":11,"column":29}}},"5":{"name":"(anonymous_5)","line":29,"loc":{"start":{"line":29,"column":59},"end":{"line":29,"column":71}}},"6":{"name":"tagSource","line":29,"loc":{"start":{"line":29,"column":72},"end":{"line":29,"column":106}}}},"statementMap":{"1":{"start":{"line":1,"column":39},"end":{"line":1,"column":65},"skip":true},"2":{"start":{"line":1,"column":65},"end":{"line":1,"column":136}},"3":{"start":{"line":1,"column":136},"end":{"line":1,"column":200}},"4":{"start":{"line":1,"column":200},"end":{"line":1,"column":293}},"5":{"start":{"line":1,"column":293},"end":{"line":1,"column":379}},"6":{"start":{"line":1,"column":379},"end":{"line":1,"column":438}},"7":{"start":{"line":1,"column":438},"end":{"line":1,"column":490}},"8":{"start":{"line":1,"column":490},"end":{"line":1,"column":501}},"9":{"start":{"line":3,"column":0},"end":{"line":3,"column":56}},"10":{"start":{"line":3,"column":83},"end":{"line":3,"column":128}},"11":{"start":{"line":4,"column":0},"end":{"line":4,"column":65}},"12":{"start":{"line":5,"column":0},"end":{"line":5,"column":64}},"13":{"start":{"line":6,"column":0},"end":{"line":6,"column":64}},"14":{"start":{"line":7,"column":0},"end":{"line":7,"column":83}},"15":{"start":{"line":7,"column":110},"end":{"line":7,"column":167}},"16":{"start":{"line":7,"column":167},"end":{"line":7,"column":260}},"17":{"start":{"line":7,"column":205},"end":{"line":7,"column":259}},"18":{"start":{"line":7,"column":260},"end":{"line":19,"column":238}},"19":{"start":{"line":10,"column":69},"end":{"line":10,"column":116}},"20":{"start":{"line":10,"column":116},"end":{"line":10,"column":269}},"21":{"start":{"line":10,"column":132},"end":{"line":10,"column":173}},"22":{"start":{"line":10,"column":173},"end":{"line":10,"column":268}},"23":{"start":{"line":10,"column":269},"end":{"line":19,"column":160}},"24":{"start":{"line":11,"column":56},"end":{"line":13,"column":29}},"25":{"start":{"line":15,"column":4},"end":{"line":19,"column":158}},"26":{"start":{"line":19,"column":160},"end":{"line":19,"column":171}},"27":{"start":{"line":25,"column":0},"end":{"line":26,"column":70}},"28":{"start":{"line":26,"column":97},"end":{"line":29,"column":4}},"29":{"start":{"line":29,"column":31},"end":{"line":29,"column":58}},"30":{"start":{"line":29,"column":58},"end":{"line":29,"column":463}},"31":{"start":{"line":29,"column":72},"end":{"line":29,"column":405}},"32":{"start":{"line":29,"column":107},"end":{"line":29,"column":146}},"33":{"start":{"line":29,"column":138},"end":{"line":29,"column":145}},"34":{"start":{"line":29,"column":146},"end":{"line":29,"column":190}},"35":{"start":{"line":29,"column":182},"end":{"line":29,"column":189}},"36":{"start":{"line":29,"column":190},"end":{"line":29,"column":404}},"37":{"start":{"line":29,"column":195},"end":{"line":29,"column":388}},"38":{"start":{"line":29,"column":405},"end":{"line":29,"column":427}},"39":{"start":{"line":29,"column":427},"end":{"line":29,"column":458}}},"branchMap":{"1":{"line":7,"type":"cond-expr","locations":[{"start":{"line":7,"column":236},"end":{"line":7,"column":239}},{"start":{"line":7,"column":242},"end":{"line":7,"column":258}}]},"2":{"line":7,"type":"binary-expr","locations":[{"start":{"line":7,"column":212},"end":{"line":7,"column":215}},{"start":{"line":7,"column":219},"end":{"line":7,"column":233}}]},"3":{"line":10,"type":"binary-expr","locations":[{"start":{"line":10,"column":6},"end":{"line":19,"column":227}},{"start":{"line":19,"column":231},"end":{"line":19,"column":237}}]},"4":{"line":29,"type":"if","locations":[{"start":{"line":29,"column":107},"end":{"line":29,"column":107}},{"start":{"line":29,"column":107},"end":{"line":29,"column":107}}]},"5":{"line":29,"type":"if","locations":[{"start":{"line":29,"column":146},"end":{"line":29,"column":146}},{"start":{"line":29,"column":146},"end":{"line":29,"column":146}}]}},"l":{"1":1,"3":1,"4":1,"5":1,"6":1,"7":5,"10":1,"11":1,"15":1,"19":1,"25":1,"26":1,"29":2}},
"/home/ricardo/Documents/Projects/reaxor/src/components/App/styles.css.js":{"path":"/home/ricardo/Documents/Projects/reaxor/src/components/App/styles.css.js","s":{"1":1,"2":1,"3":1,"4":1,"5":1,"6":1,"7":1,"8":1,"9":0,"10":0,"11":0,"12":0,"13":1},"b":{"1":[1,0],"2":[0,0]},"f":{"1":1,"2":1},"fnMap":{"1":{"name":"(anonymous_1)","line":20,"loc":{"start":{"line":20,"column":70},"end":{"line":20,"column":82}},"skip":true},"2":{"name":"tagSource","line":20,"loc":{"start":{"line":20,"column":83},"end":{"line":20,"column":117}},"skip":true}},"statementMap":{"1":{"start":{"line":1,"column":39},"end":{"line":1,"column":65},"skip":true},"2":{"start":{"line":1,"column":65},"end":{"line":1,"column":92}},"3":{"start":{"line":1,"column":92},"end":{"line":1,"column":156}},"4":{"start":{"line":3,"column":0},"end":{"line":20,"column":42}},"5":{"start":{"line":20,"column":69},"end":{"line":20,"column":456}},"6":{"start":{"line":20,"column":83},"end":{"line":20,"column":423},"skip":true},"7":{"start":{"line":20,"column":118},"end":{"line":20,"column":157},"skip":true},"8":{"start":{"line":20,"column":149},"end":{"line":20,"column":156},"skip":true},"9":{"start":{"line":20,"column":157},"end":{"line":20,"column":201},"skip":true},"10":{"start":{"line":20,"column":193},"end":{"line":20,"column":200},"skip":true},"11":{"start":{"line":20,"column":201},"end":{"line":20,"column":422},"skip":true},"12":{"start":{"line":20,"column":206},"end":{"line":20,"column":406},"skip":true},"13":{"start":{"line":20,"column":423},"end":{"line":20,"column":451},"skip":true}},"branchMap":{"1":{"line":20,"type":"if","locations":[{"start":{"line":20,"column":118},"end":{"line":20,"column":118},"skip":true},{"start":{"line":20,"column":118},"end":{"line":20,"column":118},"skip":true}]},"2":{"line":20,"type":"if","locations":[{"start":{"line":20,"column":157},"end":{"line":20,"column":157},"skip":true},{"start":{"line":20,"column":157},"end":{"line":20,"column":157},"skip":true}]}},"l":{"1":1,"3":1,"20":1}},
"/home/ricardo/Documents/Projects/reaxor/src/components/MyComponent/MyComponent.js":{"path":"/home/ricardo/Documents/Projects/reaxor/src/components/MyComponent/MyComponent.js","s":{"1":1,"2":1,"3":1,"4":1,"5":1,"6":1,"7":1,"8":1,"9":1,"10":1,"11":1,"12":1,"13":1,"14":1,"15":1,"16":2,"17":0,"18":2,"19":0,"20":2,"21":2,"22":1,"23":1},"b":{"1":[0,1],"2":[1,1],"3":[0,2],"4":[0,2]},"f":{"1":1,"2":1,"3":1,"4":2},"fnMap":{"1":{"name":"_interopRequireDefault","line":2,"loc":{"start":{"line":2,"column":92},"end":{"line":2,"column":129}}},"2":{"name":"MyComponent","line":4,"loc":{"start":{"line":4,"column":18},"end":{"line":4,"column":72}}},"3":{"name":"(anonymous_3)","line":24,"loc":{"start":{"line":24,"column":119},"end":{"line":24,"column":131}}},"4":{"name":"tagSource","line":24,"loc":{"start":{"line":24,"column":132},"end":{"line":24,"column":166}}}},"statementMap":{"1":{"start":{"line":1,"column":39},"end":{"line":1,"column":65},"skip":true},"2":{"start":{"line":1,"column":65},"end":{"line":1,"column":121}},"3":{"start":{"line":1,"column":148},"end":{"line":1,"column":193}},"4":{"start":{"line":2,"column":0},"end":{"line":2,"column":65}},"5":{"start":{"line":2,"column":92},"end":{"line":2,"column":185}},"6":{"start":{"line":2,"column":130},"end":{"line":2,"column":184}},"7":{"start":{"line":4,"column":0},"end":{"line":15,"column":249}},"8":{"start":{"line":4,"column":99},"end":{"line":4,"column":122}},"9":{"start":{"line":5,"column":2},"end":{"line":5,"column":38}},"10":{"start":{"line":6,"column":2},"end":{"line":15,"column":247}},"11":{"start":{"line":20,"column":0},"end":{"line":21,"column":70},"skip":true},"12":{"start":{"line":21,"column":97},"end":{"line":24,"column":64}},"13":{"start":{"line":24,"column":91},"end":{"line":24,"column":118}},"14":{"start":{"line":24,"column":118},"end":{"line":24,"column":555}},"15":{"start":{"line":24,"column":132},"end":{"line":24,"column":481}},"16":{"start":{"line":24,"column":167},"end":{"line":24,"column":206}},"17":{"start":{"line":24,"column":198},"end":{"line":24,"column":205}},"18":{"start":{"line":24,"column":206},"end":{"line":24,"column":250}},"19":{"start":{"line":24,"column":242},"end":{"line":24,"column":249}},"20":{"start":{"line":24,"column":250},"end":{"line":24,"column":480}},"21":{"start":{"line":24,"column":255},"end":{"line":24,"column":464}},"22":{"start":{"line":24,"column":481},"end":{"line":24,"column":519}},"23":{"start":{"line":24,"column":519},"end":{"line":24,"column":550}}},"branchMap":{"1":{"line":2,"type":"cond-expr","locations":[{"start":{"line":2,"column":161},"end":{"line":2,"column":164}},{"start":{"line":2,"column":167},"end":{"line":2,"column":183}}]},"2":{"line":2,"type":"binary-expr","locations":[{"start":{"line":2,"column":137},"end":{"line":2,"column":140}},{"start":{"line":2,"column":144},"end":{"line":2,"column":158}}]},"3":{"line":24,"type":"if","locations":[{"start":{"line":24,"column":167},"end":{"line":24,"column":167}},{"start":{"line":24,"column":167},"end":{"line":24,"column":167}}]},"4":{"line":24,"type":"if","locations":[{"start":{"line":24,"column":206},"end":{"line":24,"column":206}},{"start":{"line":24,"column":206},"end":{"line":24,"column":206}}]}},"l":{"1":1,"2":1,"4":1,"5":1,"6":1,"20":1,"21":1,"24":2}}}
