TN:
SF:/home/ricardo/Documents/Projects/reaxor/src/components/App/App.js
FN:7,_interopRequireDefault
FN:10,(anonymous_2)
FN:10,App
FN:11,render
FN:29,(anonymous_5)
FN:29,tagSource
FNF:6
FNH:6
FNDA:5,_interopRequireDefault
FNDA:1,(anonymous_2)
FNDA:1,App
FNDA:1,render
FNDA:1,(anonymous_5)
FNDA:2,tagSource
DA:1,1
DA:3,1
DA:4,1
DA:5,1
DA:6,1
DA:7,5
DA:10,1
DA:11,1
DA:15,1
DA:19,1
DA:25,1
DA:26,1
DA:29,2
LF:13
LH:13
BRDA:7,1,0,4
BRDA:7,1,1,1
BRDA:7,2,0,5
BRDA:7,2,1,5
BRDA:10,3,0,1
BRDA:10,3,1,0
BRDA:29,4,0,0
BRDA:29,4,1,2
BRDA:29,5,0,1
BRDA:29,5,1,1
BRF:10
BRH:8
end_of_record
TN:
SF:/home/ricardo/Documents/Projects/reaxor/src/components/App/styles.css.js
FN:20,(anonymous_1)
FN:20,tagSource
FNF:2
FNH:2
FNDA:1,(anonymous_1)
FNDA:1,tagSource
DA:1,1
DA:3,1
DA:20,1
LF:3
LH:3
BRDA:20,1,0,1
BRDA:20,1,1,0
BRDA:20,2,0,0
BRDA:20,2,1,0
BRF:4
BRH:4
end_of_record
TN:
SF:/home/ricardo/Documents/Projects/reaxor/src/components/MyComponent/MyComponent.js
FN:2,_interopRequireDefault
FN:4,MyComponent
FN:24,(anonymous_3)
FN:24,tagSource
FNF:4
FNH:4
FNDA:1,_interopRequireDefault
FNDA:1,MyComponent
FNDA:1,(anonymous_3)
FNDA:2,tagSource
DA:1,1
DA:2,1
DA:4,1
DA:5,1
DA:6,1
DA:20,1
DA:21,1
DA:24,2
LF:8
LH:8
BRDA:2,1,0,0
BRDA:2,1,1,1
BRDA:2,2,0,1
BRDA:2,2,1,1
BRDA:24,3,0,0
BRDA:24,3,1,2
BRDA:24,4,0,0
BRDA:24,4,1,2
BRF:8
BRH:5
end_of_record
